<?xml version="1.0" encoding="UTF-8"?>
<!-- Generated by org.testng.reporters.JUnitXMLReporter -->
<testsuite ignored="0" hostname="beko" failures="1" tests="1" name="Amazon1912" time="10.353" errors="0" timestamp="2023-12-20T16:32:15 TRT">
  <testcase classname="SepetUrun" name="test01" time="5.127">
    <failure type="org.openqa.selenium.ElementClickInterceptedException" message="element click intercepted: Element &amp;lt;a class=&amp;quot;a-link-normal s-underline-text s-underline-link-text s-link-style a-text-normal&amp;quot; href=&amp;quot;/Xbox-Wrls-Gen9-Cntrllr-Indas/dp/B093X64R9H/ref=lp_12466440031_1_1?pf_rd_p=41dcc440-cec6-42fb-ae31-b40ea353f9d4&amp;amp;amp;pf_rd_r=EVP0Q5FP9E7HC5QC0WYM&amp;amp;amp;sbo=RZvfv%2F%2FHxDF%2BO5021pAnSA%3D%3D&amp;quot;&amp;gt;...&amp;lt;/a&amp;gt; is not clickable at point (353, 688). Other element would receive the click: &amp;lt;form id=&amp;quot;sp-cc&amp;quot; method=&amp;quot;post&amp;quot; action=&amp;quot;/privacyprefs/sp/consent/v2/acceptall&amp;quot;&amp;gt;...&amp;lt;/form&amp;gt;
  (Session info: chrome=120.0.6099.110)
Build info: version: &amp;apos;4.15.0&amp;apos;, revision: &amp;apos;1d14b5521b&amp;apos;
System info: os.name: &amp;apos;Windows 11&amp;apos;, os.arch: &amp;apos;amd64&amp;apos;, os.version: &amp;apos;10.0&amp;apos;, java.version: &amp;apos;21.0.1&amp;apos;
Driver info: org.openqa.selenium.chrome.ChromeDriver
Command: [407d25c45a75f14776f7746f0c2e250a, clickElement {id=31AC1FB2F9EFACD231229A83FB97B38B_element_154}]
Capabilities {acceptInsecureCerts: false, browserName: chrome, browserVersion: 120.0.6099.110, chrome: {chromedriverVersion: 120.0.6099.109 (3419140ab66..., userDataDir: C:\Users\Brkyy\AppData\Loca...}, fedcm:accounts: true, goog:chromeOptions: {debuggerAddress: localhost:53387}, networkConnectionEnabled: false, pageLoadStrategy: normal, platformName: windows, proxy: Proxy(), se:cdp: ws://localhost:53387/devtoo..., se:cdpVersion: 120.0.6099.110, setWindowRect: true, strictFileInteractability: false, timeouts: {implicit: 0, pageLoad: 300000, script: 30000}, unhandledPromptBehavior: dismiss and notify, webauthn:extension:credBlob: true, webauthn:extension:largeBlob: true, webauthn:extension:minPinLength: true, webauthn:extension:prf: true, webauthn:virtualAuthenticators: true}
Element: [[ChromeDriver: chrome on windows (407d25c45a75f14776f7746f0c2e250a)] -&amp;gt; link text: Xbox Wrls.(Gen9) Cntrllr Indas]
Session ID: 407d25c45a75f14776f7746f0c2e250a">
      <![CDATA[org.openqa.selenium.ElementClickInterceptedException: element click intercepted: Element <a class="a-link-normal s-underline-text s-underline-link-text s-link-style a-text-normal" href="/Xbox-Wrls-Gen9-Cntrllr-Indas/dp/B093X64R9H/ref=lp_12466440031_1_1?pf_rd_p=41dcc440-cec6-42fb-ae31-b40ea353f9d4&amp;pf_rd_r=EVP0Q5FP9E7HC5QC0WYM&amp;sbo=RZvfv%2F%2FHxDF%2BO5021pAnSA%3D%3D">...</a> is not clickable at point (353, 688). Other element would receive the click: <form id="sp-cc" method="post" action="/privacyprefs/sp/consent/v2/acceptall">...</form>
  (Session info: chrome=120.0.6099.110)
Build info: version: '4.15.0', revision: '1d14b5521b'
System info: os.name: 'Windows 11', os.arch: 'amd64', os.version: '10.0', java.version: '21.0.1'
Driver info: org.openqa.selenium.chrome.ChromeDriver
Command: [407d25c45a75f14776f7746f0c2e250a, clickElement {id=31AC1FB2F9EFACD231229A83FB97B38B_element_154}]
Capabilities {acceptInsecureCerts: false, browserName: chrome, browserVersion: 120.0.6099.110, chrome: {chromedriverVersion: 120.0.6099.109 (3419140ab66..., userDataDir: C:\Users\Brkyy\AppData\Loca...}, fedcm:accounts: true, goog:chromeOptions: {debuggerAddress: localhost:53387}, networkConnectionEnabled: false, pageLoadStrategy: normal, platformName: windows, proxy: Proxy(), se:cdp: ws://localhost:53387/devtoo..., se:cdpVersion: 120.0.6099.110, setWindowRect: true, strictFileInteractability: false, timeouts: {implicit: 0, pageLoad: 300000, script: 30000}, unhandledPromptBehavior: dismiss and notify, webauthn:extension:credBlob: true, webauthn:extension:largeBlob: true, webauthn:extension:minPinLength: true, webauthn:extension:prf: true, webauthn:virtualAuthenticators: true}
Element: [[ChromeDriver: chrome on windows (407d25c45a75f14776f7746f0c2e250a)] -> link text: Xbox Wrls.(Gen9) Cntrllr Indas]
Session ID: 407d25c45a75f14776f7746f0c2e250a
at org.openqa.selenium.remote.codec.w3c.W3CHttpResponseCodec.createException(W3CHttpResponseCodec.java:200)
at org.openqa.selenium.remote.codec.w3c.W3CHttpResponseCodec.decode(W3CHttpResponseCodec.java:133)
at org.openqa.selenium.remote.codec.w3c.W3CHttpResponseCodec.decode(W3CHttpResponseCodec.java:52)
at org.openqa.selenium.remote.HttpCommandExecutor.execute(HttpCommandExecutor.java:191)
at org.openqa.selenium.remote.service.DriverCommandExecutor.invokeExecute(DriverCommandExecutor.java:200)
at org.openqa.selenium.remote.service.DriverCommandExecutor.execute(DriverCommandExecutor.java:175)
at org.openqa.selenium.remote.RemoteWebDriver.execute(RemoteWebDriver.java:607)
at org.openqa.selenium.remote.RemoteWebElement.execute(RemoteWebElement.java:224)
at org.openqa.selenium.remote.RemoteWebElement.click(RemoteWebElement.java:77)
at SepetUrun.test01(SepetUrun.java:68)
at java.base/java.util.ArrayList.forEach(ArrayList.java:1596)
at com.intellij.rt.testng.IDEARemoteTestNG.run(IDEARemoteTestNG.java:66)
at com.intellij.rt.testng.RemoteTestNGStarter.main(RemoteTestNGStarter.java:105)
... Removed 25 stack frames]]>
    </failure>
  </testcase> <!-- test01 -->
</testsuite> <!-- Amazon1912 -->
